[11:52:31] [ServerMain/WARN]: COM exception: Invalid Class Win32_Processor
[11:52:31] [ServerMain/WARN]: COM exception: Invalid Class Win32_VideoController
[11:52:31] [ServerMain/WARN]: COM exception: Invalid Class Win32_PhysicalMemory
[11:52:32] [ServerMain/WARN]: Failed to add PDH Counter: \Paging File(_Total)\% Usage, Error code: 0xC0000BB8
[11:52:32] [ServerMain/WARN]: Failed to add counter for PDH counter: \Paging File(_Total)\% Usage
[11:52:32] [ServerMain/WARN]: Disabling further attempts to query Paging File.
[11:52:32] [ServerMain/WARN]: COM exception: Invalid Class Win32_PerfRawData_PerfOS_PagingFile
[11:52:34] [ServerMain/INFO]: Building unoptimized datafixer
[11:52:35] [ServerMain/INFO]: Environment: authHost='https://authserver.mojang.com', accountsHost='https://api.mojang.com', sessionHost='https://sessionserver.mojang.com', servicesHost='https://api.minecraftservices.com', name='PROD'
[11:52:35] [ServerMain/INFO]: Found new data pack file/bukkit, loading it automatically
[11:52:38] [ServerMain/INFO]: Loaded 7 recipes
[11:52:42] [Server thread/INFO]: Starting minecraft server version 1.19.2
[11:52:42] [Server thread/INFO]: Loading properties
[11:52:42] [Server thread/INFO]: This server is running CraftBukkit version 3610-Spigot-6198b5a-19df23a (MC: 1.19.2) (Implementing API version 1.19.2-R0.1-SNAPSHOT)
[11:52:42] [Server thread/INFO]: Debug logging is disabled
[11:52:42] [Server thread/INFO]: Server Ping Player Sample Count: 12
[11:52:42] [Server thread/INFO]: Using 4 threads for Netty based IO
[11:52:42] [Server thread/INFO]: Default game type: SURVIVAL
[11:52:42] [Server thread/INFO]: Generating keypair
[11:52:42] [Server thread/INFO]: Starting Minecraft server on *:25565
[11:52:42] [Server thread/INFO]: Using default channel type
[11:52:42] [Server thread/WARN]: **** SERVER IS RUNNING IN OFFLINE/INSECURE MODE!
[11:52:42] [Server thread/WARN]: The server will make no attempt to authenticate usernames. Beware.
[11:52:42] [Server thread/WARN]: While this makes the game possible to play without internet access, it also opens up the ability for hackers to connect with any username they choose.
[11:52:42] [Server thread/WARN]: To change this, set "online-mode" to "true" in the server.properties file.
[11:52:42] [Server thread/INFO]: Preparing level "world"
[11:52:42] [Server thread/INFO]: -------- World Settings For [world] --------
[11:52:42] [Server thread/INFO]: View Distance: 10
[11:52:42] [Server thread/INFO]: Simulation Distance: 10
[11:52:42] [Server thread/INFO]: Item Despawn Rate: 6000
[11:52:42] [Server thread/INFO]: Item Merge Radius: 2.5
[11:52:42] [Server thread/INFO]: Allow Zombie Pigmen to spawn from portal blocks: true
[11:52:42] [Server thread/INFO]: Zombie Aggressive Towards Villager: true
[11:52:42] [Server thread/INFO]: Arrow Despawn Rate: 1200 Trident Respawn Rate:1200
[11:52:42] [Server thread/INFO]: Nerfing mobs spawned from spawners: false
[11:52:42] [Server thread/INFO]: Experience Merge Radius: 3.0
[11:52:42] [Server thread/INFO]: Mob Spawn Range: 6
[11:52:42] [Server thread/INFO]: Cactus Growth Modifier: 100%
[11:52:42] [Server thread/INFO]: Cane Growth Modifier: 100%
[11:52:42] [Server thread/INFO]: Melon Growth Modifier: 100%
[11:52:42] [Server thread/INFO]: Mushroom Growth Modifier: 100%
[11:52:42] [Server thread/INFO]: Pumpkin Growth Modifier: 100%
[11:52:42] [Server thread/INFO]: Sapling Growth Modifier: 100%
[11:52:42] [Server thread/INFO]: Beetroot Growth Modifier: 100%
[11:52:42] [Server thread/INFO]: Carrot Growth Modifier: 100%
[11:52:42] [Server thread/INFO]: Potato Growth Modifier: 100%
[11:52:42] [Server thread/INFO]: Wheat Growth Modifier: 100%
[11:52:42] [Server thread/INFO]: NetherWart Growth Modifier: 100%
[11:52:42] [Server thread/INFO]: Vine Growth Modifier: 100%
[11:52:42] [Server thread/INFO]: Cocoa Growth Modifier: 100%
[11:52:42] [Server thread/INFO]: Bamboo Growth Modifier: 100%
[11:52:42] [Server thread/INFO]: SweetBerry Growth Modifier: 100%
[11:52:42] [Server thread/INFO]: Kelp Growth Modifier: 100%
[11:52:42] [Server thread/INFO]: TwistingVines Growth Modifier: 100%
[11:52:42] [Server thread/INFO]: WeepingVines Growth Modifier: 100%
[11:52:42] [Server thread/INFO]: CaveVines Growth Modifier: 100%
[11:52:42] [Server thread/INFO]: Entity Activation Range: An 32 / Mo 32 / Ra 48 / Mi 16 / Tiv true / Isa false
[11:52:42] [Server thread/INFO]: Custom Map Seeds:  Village: 10387312 Desert: 14357617 Igloo: 14357618 Jungle: 14357619 Swamp: 14357620 Monument: 10387313 Ocean: 14357621 Shipwreck: 165745295 End City: 10387313 Slime: 987234911 Nether: 30084232 Mansion: 10387319 Fossil: 14357921 Portal: 34222645
[11:52:42] [Server thread/INFO]: Hopper Transfer: 8 Hopper Check: 1 Hopper Amount: 1 Hopper Can Load Chunks: false
[11:52:42] [Server thread/INFO]: Entity Tracking Range: Pl 48 / An 48 / Mo 48 / Mi 32 / Other 64
[11:52:42] [Server thread/INFO]: Max TNT Explosions: 100
[11:52:42] [Server thread/INFO]: Tile Max Tick Time: 50ms Entity max Tick Time: 50ms
[11:53:00] [Server thread/INFO]: -------- World Settings For [world_nether] --------
[11:53:00] [Server thread/INFO]: View Distance: 10
[11:53:00] [Server thread/INFO]: Simulation Distance: 10
[11:53:00] [Server thread/INFO]: Item Despawn Rate: 6000
[11:53:00] [Server thread/INFO]: Item Merge Radius: 2.5
[11:53:00] [Server thread/INFO]: Allow Zombie Pigmen to spawn from portal blocks: true
[11:53:00] [Server thread/INFO]: Zombie Aggressive Towards Villager: true
[11:53:00] [Server thread/INFO]: Arrow Despawn Rate: 1200 Trident Respawn Rate:1200
[11:53:00] [Server thread/INFO]: Nerfing mobs spawned from spawners: false
[11:53:00] [Server thread/INFO]: Experience Merge Radius: 3.0
[11:53:00] [Server thread/INFO]: Mob Spawn Range: 6
[11:53:00] [Server thread/INFO]: Cactus Growth Modifier: 100%
[11:53:00] [Server thread/INFO]: Cane Growth Modifier: 100%
[11:53:00] [Server thread/INFO]: Melon Growth Modifier: 100%
[11:53:00] [Server thread/INFO]: Mushroom Growth Modifier: 100%
[11:53:00] [Server thread/INFO]: Pumpkin Growth Modifier: 100%
[11:53:00] [Server thread/INFO]: Sapling Growth Modifier: 100%
[11:53:00] [Server thread/INFO]: Beetroot Growth Modifier: 100%
[11:53:00] [Server thread/INFO]: Carrot Growth Modifier: 100%
[11:53:00] [Server thread/INFO]: Potato Growth Modifier: 100%
[11:53:00] [Server thread/INFO]: Wheat Growth Modifier: 100%
[11:53:00] [Server thread/INFO]: NetherWart Growth Modifier: 100%
[11:53:00] [Server thread/INFO]: Vine Growth Modifier: 100%
[11:53:00] [Server thread/INFO]: Cocoa Growth Modifier: 100%
[11:53:00] [Server thread/INFO]: Bamboo Growth Modifier: 100%
[11:53:00] [Server thread/INFO]: SweetBerry Growth Modifier: 100%
[11:53:00] [Server thread/INFO]: Kelp Growth Modifier: 100%
[11:53:00] [Server thread/INFO]: TwistingVines Growth Modifier: 100%
[11:53:00] [Server thread/INFO]: WeepingVines Growth Modifier: 100%
[11:53:00] [Server thread/INFO]: CaveVines Growth Modifier: 100%
[11:53:00] [Server thread/INFO]: Entity Activation Range: An 32 / Mo 32 / Ra 48 / Mi 16 / Tiv true / Isa false
[11:53:00] [Server thread/INFO]: Custom Map Seeds:  Village: 10387312 Desert: 14357617 Igloo: 14357618 Jungle: 14357619 Swamp: 14357620 Monument: 10387313 Ocean: 14357621 Shipwreck: 165745295 End City: 10387313 Slime: 987234911 Nether: 30084232 Mansion: 10387319 Fossil: 14357921 Portal: 34222645
[11:53:00] [Server thread/INFO]: Hopper Transfer: 8 Hopper Check: 1 Hopper Amount: 1 Hopper Can Load Chunks: false
[11:53:00] [Server thread/INFO]: Entity Tracking Range: Pl 48 / An 48 / Mo 48 / Mi 32 / Other 64
[11:53:00] [Server thread/INFO]: Max TNT Explosions: 100
[11:53:00] [Server thread/INFO]: Tile Max Tick Time: 50ms Entity max Tick Time: 50ms
[11:53:03] [Server thread/INFO]: -------- World Settings For [world_the_end] --------
[11:53:03] [Server thread/INFO]: View Distance: 10
[11:53:03] [Server thread/INFO]: Simulation Distance: 10
[11:53:03] [Server thread/INFO]: Item Despawn Rate: 6000
[11:53:03] [Server thread/INFO]: Item Merge Radius: 2.5
[11:53:03] [Server thread/INFO]: Allow Zombie Pigmen to spawn from portal blocks: true
[11:53:03] [Server thread/INFO]: Zombie Aggressive Towards Villager: true
[11:53:03] [Server thread/INFO]: Arrow Despawn Rate: 1200 Trident Respawn Rate:1200
[11:53:03] [Server thread/INFO]: Nerfing mobs spawned from spawners: false
[11:53:03] [Server thread/INFO]: Experience Merge Radius: 3.0
[11:53:03] [Server thread/INFO]: Mob Spawn Range: 6
[11:53:03] [Server thread/INFO]: Cactus Growth Modifier: 100%
[11:53:03] [Server thread/INFO]: Cane Growth Modifier: 100%
[11:53:03] [Server thread/INFO]: Melon Growth Modifier: 100%
[11:53:03] [Server thread/INFO]: Mushroom Growth Modifier: 100%
[11:53:03] [Server thread/INFO]: Pumpkin Growth Modifier: 100%
[11:53:03] [Server thread/INFO]: Sapling Growth Modifier: 100%
[11:53:03] [Server thread/INFO]: Beetroot Growth Modifier: 100%
[11:53:03] [Server thread/INFO]: Carrot Growth Modifier: 100%
[11:53:03] [Server thread/INFO]: Potato Growth Modifier: 100%
[11:53:03] [Server thread/INFO]: Wheat Growth Modifier: 100%
[11:53:03] [Server thread/INFO]: NetherWart Growth Modifier: 100%
[11:53:03] [Server thread/INFO]: Vine Growth Modifier: 100%
[11:53:03] [Server thread/INFO]: Cocoa Growth Modifier: 100%
[11:53:03] [Server thread/INFO]: Bamboo Growth Modifier: 100%
[11:53:03] [Server thread/INFO]: SweetBerry Growth Modifier: 100%
[11:53:03] [Server thread/INFO]: Kelp Growth Modifier: 100%
[11:53:03] [Server thread/INFO]: TwistingVines Growth Modifier: 100%
[11:53:03] [Server thread/INFO]: WeepingVines Growth Modifier: 100%
[11:53:03] [Server thread/INFO]: CaveVines Growth Modifier: 100%
[11:53:03] [Server thread/INFO]: Entity Activation Range: An 32 / Mo 32 / Ra 48 / Mi 16 / Tiv true / Isa false
[11:53:03] [Server thread/INFO]: Custom Map Seeds:  Village: 10387312 Desert: 14357617 Igloo: 14357618 Jungle: 14357619 Swamp: 14357620 Monument: 10387313 Ocean: 14357621 Shipwreck: 165745295 End City: 10387313 Slime: 987234911 Nether: 30084232 Mansion: 10387319 Fossil: 14357921 Portal: 34222645
[11:53:03] [Server thread/INFO]: Hopper Transfer: 8 Hopper Check: 1 Hopper Amount: 1 Hopper Can Load Chunks: false
[11:53:03] [Server thread/INFO]: Entity Tracking Range: Pl 48 / An 48 / Mo 48 / Mi 32 / Other 64
[11:53:03] [Server thread/INFO]: Max TNT Explosions: 100
[11:53:03] [Server thread/INFO]: Tile Max Tick Time: 50ms Entity max Tick Time: 50ms
[11:53:07] [Server thread/INFO]: Preparing start region for dimension minecraft:overworld
[11:53:08] [Worker-Main-1/INFO]: Preparing spawn area: 0%
[11:53:08] [Worker-Main-1/INFO]: Preparing spawn area: 0%
[11:53:08] [Worker-Main-1/INFO]: Preparing spawn area: 0%
[11:53:09] [Worker-Main-3/INFO]: Preparing spawn area: 0%
[11:53:09] [Worker-Main-4/INFO]: Preparing spawn area: 0%
[11:53:10] [Worker-Main-1/INFO]: Preparing spawn area: 1%
[11:53:10] [Worker-Main-5/INFO]: Preparing spawn area: 2%
[11:53:11] [Worker-Main-3/INFO]: Preparing spawn area: 4%
[11:53:11] [Worker-Main-1/INFO]: Preparing spawn area: 5%
[11:53:12] [Worker-Main-4/INFO]: Preparing spawn area: 6%
[11:53:12] [Worker-Main-5/INFO]: Preparing spawn area: 8%
[11:53:13] [Worker-Main-1/INFO]: Preparing spawn area: 9%
[11:53:13] [Worker-Main-2/INFO]: Preparing spawn area: 11%
[11:53:14] [Worker-Main-1/INFO]: Preparing spawn area: 13%
[11:53:14] [Worker-Main-1/INFO]: Preparing spawn area: 15%
[11:53:15] [Worker-Main-2/INFO]: Preparing spawn area: 16%
[11:53:15] [Worker-Main-4/INFO]: Preparing spawn area: 18%
[11:53:16] [Worker-Main-2/INFO]: Preparing spawn area: 21%
[11:53:16] [Worker-Main-3/INFO]: Preparing spawn area: 23%
[11:53:17] [Worker-Main-2/INFO]: Preparing spawn area: 24%
[11:53:17] [Worker-Main-5/INFO]: Preparing spawn area: 27%
[11:53:18] [Worker-Main-1/INFO]: Preparing spawn area: 30%
[11:53:18] [Worker-Main-1/INFO]: Preparing spawn area: 32%
[11:53:19] [Worker-Main-1/INFO]: Preparing spawn area: 34%
[11:53:19] [Worker-Main-3/INFO]: Preparing spawn area: 36%
[11:53:20] [Worker-Main-5/INFO]: Preparing spawn area: 39%
[11:53:20] [Worker-Main-1/INFO]: Preparing spawn area: 42%
[11:53:21] [Worker-Main-1/INFO]: Preparing spawn area: 43%
[11:53:21] [Worker-Main-3/INFO]: Preparing spawn area: 45%
[11:53:22] [Worker-Main-5/INFO]: Preparing spawn area: 48%
[11:53:22] [Worker-Main-5/INFO]: Preparing spawn area: 52%
[11:53:23] [Worker-Main-3/INFO]: Preparing spawn area: 55%
[11:53:23] [Worker-Main-5/INFO]: Preparing spawn area: 57%
[11:53:24] [Worker-Main-3/INFO]: Preparing spawn area: 60%
[11:53:24] [Worker-Main-1/INFO]: Preparing spawn area: 63%
[11:53:25] [Worker-Main-3/INFO]: Preparing spawn area: 66%
[11:53:25] [Worker-Main-3/INFO]: Preparing spawn area: 68%
[11:53:26] [Worker-Main-2/INFO]: Preparing spawn area: 71%
[11:53:26] [Worker-Main-5/INFO]: Preparing spawn area: 74%
[11:53:27] [Worker-Main-3/INFO]: Preparing spawn area: 78%
[11:53:27] [Worker-Main-2/INFO]: Preparing spawn area: 81%
[11:53:28] [Worker-Main-2/INFO]: Preparing spawn area: 83%
[11:53:28] [Worker-Main-2/INFO]: Preparing spawn area: 85%
[11:53:29] [Worker-Main-2/INFO]: Preparing spawn area: 89%
[11:53:29] [Worker-Main-4/INFO]: Preparing spawn area: 92%
[11:53:30] [Worker-Main-1/INFO]: Preparing spawn area: 95%
[11:53:30] [Worker-Main-3/INFO]: Preparing spawn area: 99%
[11:53:30] [Server thread/INFO]: Time elapsed: 23016 ms
[11:53:30] [Server thread/INFO]: Preparing start region for dimension minecraft:the_nether
[11:53:31] [Worker-Main-2/INFO]: Preparing spawn area: 0%
[11:53:31] [Worker-Main-1/INFO]: Preparing spawn area: 0%
[11:53:31] [Worker-Main-2/INFO]: Preparing spawn area: 0%
[11:53:32] [Worker-Main-2/INFO]: Preparing spawn area: 3%
[11:53:32] [Worker-Main-1/INFO]: Preparing spawn area: 4%
[11:53:33] [Worker-Main-5/INFO]: Preparing spawn area: 7%
[11:53:33] [Worker-Main-2/INFO]: Preparing spawn area: 10%
[11:53:34] [Worker-Main-1/INFO]: Preparing spawn area: 15%
[11:53:34] [Worker-Main-4/INFO]: Preparing spawn area: 18%
[11:53:35] [Worker-Main-5/INFO]: Preparing spawn area: 23%
[11:53:35] [Worker-Main-3/INFO]: Preparing spawn area: 27%
[11:53:36] [Worker-Main-4/INFO]: Preparing spawn area: 31%
[11:53:36] [Worker-Main-2/INFO]: Preparing spawn area: 35%
[11:53:37] [Worker-Main-3/INFO]: Preparing spawn area: 40%
[11:53:37] [Worker-Main-2/INFO]: Preparing spawn area: 44%
[11:53:38] [Worker-Main-4/INFO]: Preparing spawn area: 49%
[11:53:38] [Worker-Main-1/INFO]: Preparing spawn area: 54%
[11:53:39] [Worker-Main-3/INFO]: Preparing spawn area: 58%
[11:53:39] [Worker-Main-1/INFO]: Preparing spawn area: 64%
[11:53:40] [Worker-Main-1/INFO]: Preparing spawn area: 69%
[11:53:40] [Worker-Main-3/INFO]: Preparing spawn area: 73%
[11:53:41] [Worker-Main-4/INFO]: Preparing spawn area: 80%
[11:53:41] [Worker-Main-5/INFO]: Preparing spawn area: 85%
[11:53:42] [Worker-Main-5/INFO]: Preparing spawn area: 87%
